# JRE version: OpenJDK Runtime Environment (11.0.10) (build 11.0.10+0-b96-7249189)
# Java VM: OpenJDK 64-Bit Server VM (11.0.10+0-b96-7249189, mixed mode, tiered, compressed oops, g1 gc, windows-amd64)
Heap:
 garbage-first heap   total 260096K, used 140516K [0x0000000080000000, 0x0000000100000000)
  region size 1024K, 89 young (91136K), 10 survivors (10240K)
 Metaspace       used 80416K, capacity 82610K, committed 82764K, reserved 1120256K
  class space    used 10493K, capacity 11319K, committed 11340K, reserved 1048576K
GC Heap History (18 events):
Event: 0.399 GC heap before
{Heap before GC invocations=0 (full 0):
 garbage-first heap   total 260096K, used 28672K [0x0000000080000000, 0x0000000100000000)
  region size 1024K, 22 young (22528K), 0 survivors (0K)
 Metaspace       used 9953K, capacity 10195K, committed 10368K, reserved 1058816K
  class space    used 1034K, capacity 1106K, committed 1152K, reserved 1048576K
}
Event: 0.404 GC heap after
{Heap after GC invocations=1 (full 0):
 garbage-first heap   total 260096K, used 9002K [0x0000000080000000, 0x0000000100000000)
  region size 1024K, 3 young (3072K), 3 survivors (3072K)
 Metaspace       used 9953K, capacity 10195K, committed 10368K, reserved 1058816K
  class space    used 1034K, capacity 1106K, committed 1152K, reserved 1048576K
}
Event: 1.404 GC heap before
{Heap before GC invocations=1 (full 0):
 garbage-first heap   total 260096K, used 108330K [0x0000000080000000, 0x0000000100000000)
  region size 1024K, 100 young (102400K), 3 survivors (3072K)
 Metaspace       used 20535K, capacity 21088K, committed 21248K, reserved 1067008K
  class space    used 2509K, capacity 2690K, committed 2816K, reserved 1048576K
}
Event: 1.410 GC heap after
{Heap after GC invocations=2 (full 0):
 garbage-first heap   total 260096K, used 16868K [0x0000000080000000, 0x0000000100000000)
  region size 1024K, 11 young (11264K), 11 survivors (11264K)
 Metaspace       used 20535K, capacity 21088K, committed 21248K, reserved 1067008K
  class space    used 2509K, capacity 2690K, committed 2816K, reserved 1048576K
}
Event: 1.716 GC heap before
{Heap before GC invocations=3 (full 0):
 garbage-first heap   total 260096K, used 53732K [0x0000000080000000, 0x0000000100000000)
  region size 1024K, 47 young (48128K), 11 survivors (11264K)
 Metaspace       used 24138K, capacity 24822K, committed 24832K, reserved 1071104K
  class space    used 3108K, capacity 3321K, committed 3328K, reserved 1048576K
}
Event: 1.722 GC heap after
{Heap after GC invocations=4 (full 0):
 garbage-first heap   total 260096K, used 17584K [0x0000000080000000, 0x0000000100000000)
  region size 1024K, 2 young (2048K), 2 survivors (2048K)
 Metaspace       used 24138K, capacity 24822K, committed 24832K, reserved 1071104K
  class space    used 3108K, capacity 3321K, committed 3328K, reserved 1048576K
}
Event: 2.363 GC heap before
{Heap before GC invocations=4 (full 0):
 garbage-first heap   total 260096K, used 91312K [0x0000000080000000, 0x0000000100000000)
  region size 1024K, 76 young (77824K), 2 survivors (2048K)
 Metaspace       used 35052K, capacity 35822K, committed 35840K, reserved 1081344K
  class space    used 4546K, capacity 4864K, committed 4864K, reserved 1048576K
}
Event: 2.369 GC heap after
{Heap after GC invocations=5 (full 0):
 garbage-first heap   total 260096K, used 21615K [0x0000000080000000, 0x0000000100000000)
  region size 1024K, 6 young (6144K), 6 survivors (6144K)
 Metaspace       used 35052K, capacity 35822K, committed 35840K, reserved 1081344K
  class space    used 4546K, capacity 4864K, committed 4864K, reserved 1048576K
}
Event: 3.002 GC heap before
{Heap before GC invocations=6 (full 0):
 garbage-first heap   total 260096K, used 129135K [0x0000000080000000, 0x0000000100000000)
  region size 1024K, 108 young (110592K), 6 survivors (6144K)
 Metaspace       used 43547K, capacity 44558K, committed 44620K, reserved 1087488K
  class space    used 5566K, capacity 5931K, committed 5964K, reserved 1048576K
}
Event: 3.010 GC heap after
{Heap after GC invocations=7 (full 0):
 garbage-first heap   total 260096K, used 27853K [0x0000000080000000, 0x0000000100000000)
  region size 1024K, 12 young (12288K), 12 survivors (12288K)
 Metaspace       used 43547K, capacity 44558K, committed 44620K, reserved 1087488K
  class space    used 5566K, capacity 5931K, committed 5964K, reserved 1048576K
}
Event: 4.023 GC heap before
{Heap before GC invocations=7 (full 0):
 garbage-first heap   total 260096K, used 174285K [0x0000000080000000, 0x0000000100000000)
  region size 1024K, 152 young (155648K), 12 survivors (12288K)
 Metaspace       used 57570K, capacity 59071K, committed 59084K, reserved 1099776K
  class space    used 7329K, capacity 7873K, committed 7884K, reserved 1048576K
}
Event: 4.032 GC heap after
{Heap after GC invocations=8 (full 0):
 garbage-first heap   total 260096K, used 42337K [0x0000000080000000, 0x0000000100000000)
  region size 1024K, 17 young (17408K), 17 survivors (17408K)
 Metaspace       used 57570K, capacity 59071K, committed 59084K, reserved 1099776K
  class space    used 7329K, capacity 7873K, committed 7884K, reserved 1048576K
}
Event: 4.075 GC heap before
{Heap before GC invocations=8 (full 0):
 garbage-first heap   total 260096K, used 47457K [0x0000000080000000, 0x0000000100000000)
  region size 1024K, 23 young (23552K), 17 survivors (17408K)
 Metaspace       used 58559K, capacity 60111K, committed 60236K, reserved 1101824K
  class space    used 7443K, capacity 7985K, committed 8012K, reserved 1048576K
}
Event: 4.085 GC heap after
{Heap after GC invocations=9 (full 0):
 garbage-first heap   total 260096K, used 43878K [0x0000000080000000, 0x0000000100000000)
  region size 1024K, 2 young (2048K), 2 survivors (2048K)
 Metaspace       used 58559K, capacity 60111K, committed 60236K, reserved 1101824K
  class space    used 7443K, capacity 7985K, committed 8012K, reserved 1048576K
}
Event: 4.933 GC heap before
{Heap before GC invocations=10 (full 0):
 garbage-first heap   total 260096K, used 178022K [0x0000000080000000, 0x0000000100000000)
  region size 1024K, 133 young (136192K), 2 survivors (2048K)
 Metaspace       used 69847K, capacity 71530K, committed 71756K, reserved 1112064K
  class space    used 9086K, capacity 9716K, committed 9804K, reserved 1048576K
}
Event: 4.944 GC heap after
{Heap after GC invocations=11 (full 0):
 garbage-first heap   total 260096K, used 52959K [0x0000000080000000, 0x0000000100000000)
  region size 1024K, 11 young (11264K), 11 survivors (11264K)
 Metaspace       used 69847K, capacity 71530K, committed 71756K, reserved 1112064K
  class space    used 9086K, capacity 9716K, committed 9804K, reserved 1048576K
}
Event: 6.125 GC heap before
{Heap before GC invocations=12 (full 0):
 garbage-first heap   total 260096K, used 185055K [0x0000000080000000, 0x0000000100000000)
  region size 1024K, 140 young (143360K), 11 survivors (11264K)
 Metaspace       used 78825K, capacity 80940K, committed 81100K, reserved 1120256K
  class space    used 10345K, capacity 11099K, committed 11212K, reserved 1048576K
}
Event: 6.135 GC heap after
{Heap after GC invocations=13 (full 0):
 garbage-first heap   total 260096K, used 61668K [0x0000000080000000, 0x0000000100000000)
  region size 1024K, 10 young (10240K), 10 survivors (10240K)
 Metaspace       used 78825K, capacity 80940K, committed 81100K, reserved 1120256K
  class space    used 10345K, capacity 11099K, committed 11212K, reserved 1048576K
}

